<?xml version="1.0" encoding="UTF-8"?>
<!-- Generated by org.testng.reporters.JUnitReportReporter -->
<testsuite hostname="Revature100" name="javaprograms.javaprogram" tests="1" failures="0" timestamp="8 Mar 2018 12:01:17 GMT" time="0.010" errors="0">
  <testcase name="reverseSelectedOnly" time="0.010" classname="javaprograms.javaprogram"/>
</testsuite> <!-- javaprograms.javaprogram -->
