<?xml version="1.0" encoding="UTF-8"?>
<!-- Generated by org.testng.reporters.JUnitReportReporter -->
<testsuite skipped="0" hostname="Revature100" name="automationFreamwork.Login_TC" tests="1" failures="0" timestamp="05 Feb 2018 13:44:00 GMT" time="11.780" errors="0">
  <testcase name="login" time="11.780" classname="automationFreamwork.Login_TC"/>
</testsuite> <!-- automationFreamwork.Login_TC -->
