<?xml version="1.0" encoding="UTF-8"?>
<!-- Generated by org.testng.reporters.JUnitReportReporter -->
<testsuite skipped="0" hostname="Revature100" name="automationFreamwork.CreateEmployee_TC" tests="2" failures="0" timestamp="26 Feb 2018 13:35:34 GMT" time="30.518" errors="0">
  <testcase name="findNoselectCheckBox" time="30.517" classname="automationFreamwork.CreateEmployee_TC"/>
  <testcase name="testemp" time="0.001" classname="automationFreamwork.CreateEmployee_TC"/>
</testsuite> <!-- automationFreamwork.CreateEmployee_TC -->
