<?xml version="1.0" encoding="UTF-8"?>
<!-- Generated by org.testng.reporters.JUnitReportReporter -->
<testsuite skipped="0" hostname="Revature100" name="automationFreamwork.CreateEmployee_TC" tests="1" failures="0" timestamp="01 Mar 2018 10:36:48 GMT" time="16.324" errors="0">
  <testcase name="switchBetweenTabs" time="16.324" classname="automationFreamwork.CreateEmployee_TC"/>
</testsuite> <!-- automationFreamwork.CreateEmployee_TC -->
